Thank You 
Thu Sep 22 03:13:01 WAT 2022
              total        used        free      shared  buff/cache   available
Mem:          976Mi       206Mi       148Mi       1.0Mi       622Mi       596Mi
Swap:            0B          0B          0B
Thank You 
Thu Sep 22 03:14:01 WAT 2022
              total        used        free      shared  buff/cache   available
Mem:          976Mi       206Mi       148Mi       1.0Mi       622Mi       596Mi
Swap:            0B          0B          0B
Thank You 
Thu Sep 22 03:15:01 WAT 2022
              total        used        free      shared  buff/cache   available
Mem:          976Mi       206Mi       147Mi       1.0Mi       622Mi       595Mi
Swap:            0B          0B          0B
Thank You 
Thu Sep 22 03:16:01 WAT 2022
              total        used        free      shared  buff/cache   available
Mem:          976Mi       206Mi       147Mi       1.0Mi       622Mi       595Mi
Swap:            0B          0B          0B
Thank You 
Thu Sep 22 03:17:01 WAT 2022
              total        used        free      shared  buff/cache   available
Mem:          976Mi       207Mi       147Mi       1.0Mi       622Mi       595Mi
Swap:            0B          0B          0B
Thank You 
Thu Sep 22 03:18:01 WAT 2022
              total        used        free      shared  buff/cache   available
Mem:          976Mi       206Mi       147Mi       1.0Mi       622Mi       595Mi
Swap:            0B          0B          0B
Thank You 
Thu Sep 22 03:19:01 WAT 2022
              total        used        free      shared  buff/cache   available
Mem:          976Mi       206Mi       147Mi       1.0Mi       622Mi       595Mi
Swap:            0B          0B          0B
Thank You 
Thu Sep 22 03:20:01 WAT 2022
              total        used        free      shared  buff/cache   available
Mem:          976Mi       206Mi       147Mi       1.0Mi       622Mi       596Mi
Swap:            0B          0B          0B
Thank You 
Thu Sep 22 03:21:01 WAT 2022
              total        used        free      shared  buff/cache   available
Mem:          976Mi       206Mi       147Mi       1.0Mi       622Mi       595Mi
Swap:            0B          0B          0B
Thank You 
Thu Sep 22 03:22:01 WAT 2022
              total        used        free      shared  buff/cache   available
Mem:          976Mi       206Mi       147Mi       1.0Mi       622Mi       596Mi
Swap:            0B          0B          0B
Thank You 
Thu Sep 22 03:23:01 WAT 2022
              total        used        free      shared  buff/cache   available
Mem:          976Mi       206Mi       147Mi       1.0Mi       623Mi       596Mi
Swap:            0B          0B          0B
Thank You 
Thu Sep 22 03:24:01 WAT 2022
              total        used        free      shared  buff/cache   available
Mem:          976Mi       202Mi       150Mi       1.0Mi       623Mi       600Mi
Swap:            0B          0B          0B
Thank You 
Thu Sep 22 14:33:02 WAT 2022
              total        used        free      shared  buff/cache   available
Mem:          976Mi       195Mi       361Mi       1.0Mi       419Mi       634Mi
Swap:            0B          0B          0B
Thank You 
Thu Sep 22 14:34:01 WAT 2022
              total        used        free      shared  buff/cache   available
Mem:          976Mi       190Mi       365Mi       1.0Mi       420Mi       640Mi
Swap:            0B          0B          0B
Thank You 
Fri Sep 23 06:10:46 WAT 2022
              total        used        free      shared  buff/cache   available
Mem:          976Mi       193Mi       390Mi       1.0Mi       392Mi       641Mi
Swap:            0B          0B          0B
Thank You 
Fri Sep 23 06:12:06 WAT 2022
              total        used        free      shared  buff/cache   available
Mem:          976Mi       193Mi       390Mi       1.0Mi       392Mi       641Mi
Swap:            0B          0B          0B
Thank You 
Fri Sep 23 06:17:30 WAT 2022
              total        used        free      shared  buff/cache   available
Mem:          976Mi       193Mi       389Mi       1.0Mi       393Mi       641Mi
Swap:            0B          0B          0B
Thank You 
Mon Sep 26 23:18:40 WAT 2022
              total        used        free      shared  buff/cache   available
Mem:          976Mi       196Mi       340Mi       1.0Mi       439Mi       640Mi
Swap:            0B          0B          0B
Thank You 
Mon Sep 26 23:20:25 WAT 2022
              total        used        free      shared  buff/cache   available
Mem:          976Mi       196Mi       340Mi       1.0Mi       439Mi       640Mi
Swap:            0B          0B          0B
Thank You 
Tue Sep 27 00:06:57 WAT 2022
              total        used        free      shared  buff/cache   available
Mem:          976Mi       197Mi       296Mi       1.0Mi       481Mi       634Mi
Swap:            0B          0B          0B
Thank You 
Tue Sep 27 01:00:01 WAT 2022
              total        used        free      shared  buff/cache   available
Mem:          976Mi       198Mi       158Mi       1.0Mi       620Mi       635Mi
Swap:            0B          0B          0B
Thank You 
Tue Sep 27 23:00:01 WAT 2022
              total        used        free      shared  buff/cache   available
Mem:          976Mi       206Mi       180Mi       1.0Mi       589Mi       628Mi
Swap:            0B          0B          0B
Thank You 
